Main.obj : error LNK2019: unresolved external symbol glfwInit referenced in function "struct GLFWwindow * __cdecl windowInit(void)" (?windowInit@@YAPEAUGLFWwindow@@XZ)
Main.obj : error LNK2019: unresolved external symbol glfwTerminate referenced in function "struct GLFWwindow * __cdecl windowInit(void)" (?windowInit@@YAPEAUGLFWwindow@@XZ)
Main.obj : error LNK2019: unresolved external symbol glfwWindowHint referenced in function "struct GLFWwindow * __cdecl windowInit(void)" (?windowInit@@YAPEAUGLFWwindow@@XZ)
Main.obj : error LNK2019: unresolved external symbol glfwCreateWindow referenced in function "struct GLFWwindow * __cdecl windowInit(void)" (?windowInit@@YAPEAUGLFWwindow@@XZ)
Main.obj : error LNK2019: unresolved external symbol glfwWindowShouldClose referenced in function main
Main.obj : error LNK2019: unresolved external symbol glfwSetWindowShouldClose referenced in function "void __cdecl keyInput(struct GLFWwindow *)" (?keyInput@@YAXPEAUGLFWwindow@@@Z)
Main.obj : error LNK2019: unresolved external symbol glfwPollEvents referenced in function main
Main.obj : error LNK2019: unresolved external symbol glfwSetInputMode referenced in function "struct GLFWwindow * __cdecl windowInit(void)" (?windowInit@@YAPEAUGLFWwindow@@XZ)
Main.obj : error LNK2019: unresolved external symbol glfwGetKey referenced in function "void __cdecl keyInput(struct GLFWwindow *)" (?keyInput@@YAXPEAUGLFWwindow@@@Z)
Main.obj : error LNK2019: unresolved external symbol glfwMakeContextCurrent referenced in function "struct GLFWwindow * __cdecl windowInit(void)" (?windowInit@@YAPEAUGLFWwindow@@XZ)
Main.obj : error LNK2019: unresolved external symbol glfwSwapBuffers referenced in function main
Main.obj : error LNK2019: unresolved external symbol glfwGetProcAddress referenced in function "bool __cdecl init(void)" (?init@@YA_NXZ)
Main.obj : error LNK2019: unresolved external symbol "public: __cdecl Assimp::Importer::Importer(void)" (??0Importer@Assimp@@QEAA@XZ) referenced in function "private: void __cdecl Model::loadModel(class std::basic_string<char,struct std::char_traits<char>,class std::allocator<char> > const &)" (?loadModel@Model@@AEAAXAEBV?$basic_string@DU?$char_traits@D@std@@V?$allocator@D@2@@std@@@Z)
Main.obj : error LNK2019: unresolved external symbol "public: __cdecl Assimp::Importer::~Importer(void)" (??1Importer@Assimp@@QEAA@XZ) referenced in function "private: void __cdecl Model::loadModel(class std::basic_string<char,struct std::char_traits<char>,class std::allocator<char> > const &)" (?loadModel@Model@@AEAAXAEBV?$basic_string@DU?$char_traits@D@std@@V?$allocator@D@2@@std@@@Z)
Main.obj : error LNK2019: unresolved external symbol "public: struct aiScene const * __cdecl Assimp::Importer::ReadFile(char const *,unsigned int)" (?ReadFile@Importer@Assimp@@QEAAPEBUaiScene@@PEBDI@Z) referenced in function "public: struct aiScene const * __cdecl Assimp::Importer::ReadFile(class std::basic_string<char,struct std::char_traits<char>,class std::allocator<char> > const &,unsigned int)" (?ReadFile@Importer@Assimp@@QEAAPEBUaiScene@@AEBV?$basic_string@DU?$char_traits@D@std@@V?$allocator@D@2@@std@@I@Z)
Main.obj : error LNK2019: unresolved external symbol "public: char const * __cdecl Assimp::Importer::GetErrorString(void)const " (?GetErrorString@Importer@Assimp@@QEBAPEBDXZ) referenced in function "private: void __cdecl Model::loadModel(class std::basic_string<char,struct std::char_traits<char>,class std::allocator<char> > const &)" (?loadModel@Model@@AEAAXAEBV?$basic_string@DU?$char_traits@D@std@@V?$allocator@D@2@@std@@@Z)
Main.obj : error LNK2019: unresolved external symbol aiGetMaterialTextureCount referenced in function "public: unsigned int __cdecl aiMaterial::GetTextureCount(enum aiTextureType)const " (?GetTextureCount@aiMaterial@@QEBAIW4aiTextureType@@@Z)
Main.obj : error LNK2019: unresolved external symbol aiGetMaterialTexture referenced in function "public: enum aiReturn __cdecl aiMaterial::GetTexture(enum aiTextureType,unsigned int,struct aiString *,enum aiTextureMapping *,unsigned int *,float *,enum aiTextureOp *,enum aiTextureMapMode *)const " (?GetTexture@aiMaterial@@QEBA?AW4aiReturn@@W4aiTextureType@@IPEAUaiString@@PEAW4aiTextureMapping@@PEAIPEAMPEAW4aiTextureOp@@PEAW4aiTextureMapMode@@@Z)
lib\glfw3.lib : warning LNK4272: library machine type 'x86' conflicts with target machine type 'x64'
lib\glfw3dll.lib : warning LNK4272: library machine type 'x86' conflicts with target machine type 'x64'
lib\assimp.lib : warning LNK4272: library machine type 'x86' conflicts with target machine type 'x64'
C:\Users\OMEN_PC1\Desktop\Smm\Kart\x64\Debug\Kart.exe : fatal error LNK1120: 18 unresolved externals
